\BOOKMARK [1][-]{section*.1}{Inhaltsverzeichnis}{}% 1
\BOOKMARK [1][-]{section.1}{Inspirationen}{}% 2
\BOOKMARK [1][-]{section.2}{Ideen}{}% 3
\BOOKMARK [2][-]{subsection.2.1}{Welt}{section.2}% 4
\BOOKMARK [2][-]{subsection.2.2}{Crafting-System}{section.2}% 5
\BOOKMARK [2][-]{subsection.2.3}{Biome}{section.2}% 6
\BOOKMARK [2][-]{subsection.2.4}{Charakter}{section.2}% 7
\BOOKMARK [2][-]{subsection.2.5}{Generationen}{section.2}% 8
\BOOKMARK [2][-]{subsection.2.6}{Klassen}{section.2}% 9
\BOOKMARK [2][-]{subsection.2.7}{Rassen}{section.2}% 10
\BOOKMARK [2][-]{subsection.2.8}{Berufe}{section.2}% 11
\BOOKMARK [2][-]{subsection.2.9}{Spielmodi}{section.2}% 12
\BOOKMARK [2][-]{subsection.2.10}{NPCs}{section.2}% 13
\BOOKMARK [2][-]{subsection.2.11}{St\344dte}{section.2}% 14
\BOOKMARK [2][-]{subsection.2.12}{Fraktionen}{section.2}% 15
\BOOKMARK [2][-]{subsection.2.13}{Handel}{section.2}% 16
\BOOKMARK [2][-]{subsection.2.14}{Monster}{section.2}% 17
\BOOKMARK [2][-]{subsection.2.15}{Bosse}{section.2}% 18
\BOOKMARK [2][-]{subsection.2.16}{Mineralien}{section.2}% 19
\BOOKMARK [2][-]{subsection.2.17}{Magie}{section.2}% 20
\BOOKMARK [2][-]{subsection.2.18}{Kampf-System}{section.2}% 21
\BOOKMARK [2][-]{subsection.2.19}{Weltgenerator}{section.2}% 22
